2023-12-04 21:58:30.603  INFO 20592 --- [main] c.nowcoder.community.MessageMapperTests  : Starting MessageMapperTests using Java 11 on DESKTOP-95SKJ6M with PID 20592 (started by xxd in G:\Java Projects\community)
2023-12-04 21:58:30.608 DEBUG 20592 --- [main] c.nowcoder.community.MessageMapperTests  : Running with Spring Boot v2.7.14, Spring v5.3.29
2023-12-04 21:58:30.609  INFO 20592 --- [main] c.nowcoder.community.MessageMapperTests  : No active profile set, falling back to 1 default profile: "default"
2023-12-04 21:58:32.502  INFO 20592 --- [main] o.s.b.a.w.s.WelcomePageHandlerMapping    : Adding welcome page template: index
2023-12-04 21:58:32.786  INFO 20592 --- [main] c.nowcoder.community.MessageMapperTests  : Started MessageMapperTests in 2.559 seconds (JVM running for 3.442)
2023-12-04 21:58:33.110  INFO 20592 --- [main] com.zaxxer.hikari.HikariDataSource       : HikariPool-1 - Starting...
2023-12-04 21:58:33.266  INFO 20592 --- [main] com.zaxxer.hikari.HikariDataSource       : HikariPool-1 - Start completed.
2023-12-04 21:58:33.274 DEBUG 20592 --- [main] c.n.c.d.M.selectConversations            : ==>  Preparing: select id, from_id, to_id, conversation_id, content, `status`, create_time from message where id in ( select max(id) from message where status != 2 and from_id != 1 and (from_id = ? or to_id = ?) group by conversation_id ) order by id desc limit ?, ? 
2023-12-04 21:58:33.298 DEBUG 20592 --- [main] c.n.c.d.M.selectConversations            : ==> Parameters: 111(Integer), 111(Integer), 0(Integer), 10(Integer)
2023-12-04 21:58:33.397 DEBUG 20592 --- [main] c.n.c.d.M.selectConversations            : <==      Total: 10
2023-12-04 21:58:33.413  INFO 20592 --- [SpringApplicationShutdownHook] com.zaxxer.hikari.HikariDataSource       : HikariPool-1 - Shutdown initiated...
2023-12-04 21:58:33.424  INFO 20592 --- [SpringApplicationShutdownHook] com.zaxxer.hikari.HikariDataSource       : HikariPool-1 - Shutdown completed.
2023-12-04 22:07:15.670  INFO 8552 --- [main] c.nowcoder.community.MessageMapperTests  : Starting MessageMapperTests using Java 11 on DESKTOP-95SKJ6M with PID 8552 (started by xxd in G:\Java Projects\community)
2023-12-04 22:07:15.671 DEBUG 8552 --- [main] c.nowcoder.community.MessageMapperTests  : Running with Spring Boot v2.7.14, Spring v5.3.29
2023-12-04 22:07:15.671  INFO 8552 --- [main] c.nowcoder.community.MessageMapperTests  : No active profile set, falling back to 1 default profile: "default"
2023-12-04 22:07:17.181  INFO 8552 --- [main] o.s.b.a.w.s.WelcomePageHandlerMapping    : Adding welcome page template: index
2023-12-04 22:07:17.459  INFO 8552 --- [main] c.nowcoder.community.MessageMapperTests  : Started MessageMapperTests in 2.163 seconds (JVM running for 2.938)
2023-12-04 22:07:17.777  INFO 8552 --- [main] com.zaxxer.hikari.HikariDataSource       : HikariPool-1 - Starting...
2023-12-04 22:07:17.935  INFO 8552 --- [main] com.zaxxer.hikari.HikariDataSource       : HikariPool-1 - Start completed.
2023-12-04 22:07:17.942 DEBUG 8552 --- [main] c.n.c.d.M.selectConversations            : ==>  Preparing: select id, from_id, to_id, conversation_id, content, `status`, create_time from message where id in ( select max(id) from message where status != 2 and from_id != 1 and (from_id = ? or to_id = ?) group by conversation_id ) order by id desc limit ?, ? 
2023-12-04 22:07:17.965 DEBUG 8552 --- [main] c.n.c.d.M.selectConversations            : ==> Parameters: 111(Integer), 111(Integer), 0(Integer), 10(Integer)
2023-12-04 22:07:17.992 DEBUG 8552 --- [main] c.n.c.d.M.selectConversations            : <==      Total: 10
2023-12-04 22:07:17.998 DEBUG 8552 --- [main] c.n.c.d.M.selectConversationCount        : ==>  Preparing: select count(m.maxid) from ( select max(id) as maxid from message where status != 2 and from_id != 1 and (from_id = ? or to_id = ?) group by conversation_id ) as m 
2023-12-04 22:07:17.998 DEBUG 8552 --- [main] c.n.c.d.M.selectConversationCount        : ==> Parameters: 111(Integer), 111(Integer)
2023-12-04 22:07:18.000 DEBUG 8552 --- [main] c.n.c.d.M.selectConversationCount        : <==      Total: 1
2023-12-04 22:07:18.001 DEBUG 8552 --- [main] c.n.c.dao.MessageMapper.selectLetters    : ==>  Preparing: select id, from_id, to_id, conversation_id, content, `status`, create_time from message where status != 2 and from_id != 1 and conversation_id = ? order by id desc limit ?, ? 
2023-12-04 22:07:18.001 DEBUG 8552 --- [main] c.n.c.dao.MessageMapper.selectLetters    : ==> Parameters: 111_112(String), 0(Integer), 0(Integer)
2023-12-04 22:07:18.002 DEBUG 8552 --- [main] c.n.c.dao.MessageMapper.selectLetters    : <==      Total: 0
2023-12-04 22:07:18.003 DEBUG 8552 --- [main] c.n.c.d.MessageMapper.selectLetterCount  : ==>  Preparing: select count(id) from message where status != 2 and from_id != 1 and conversation_id = ? 
2023-12-04 22:07:18.003 DEBUG 8552 --- [main] c.n.c.d.MessageMapper.selectLetterCount  : ==> Parameters: 111_112(String)
2023-12-04 22:07:18.004 DEBUG 8552 --- [main] c.n.c.d.MessageMapper.selectLetterCount  : <==      Total: 1
2023-12-04 22:07:18.018 DEBUG 8552 --- [main] c.n.c.d.M.selectLetterUnreadCount        : ==>  Preparing: select count(id) from message where status = 0 and from_id != 1 and to_id = ? 
2023-12-04 22:07:18.019 DEBUG 8552 --- [main] c.n.c.d.M.selectLetterUnreadCount        : ==> Parameters: 111(Integer)
2023-12-04 22:07:18.020 DEBUG 8552 --- [main] c.n.c.d.M.selectLetterUnreadCount        : <==      Total: 1
2023-12-04 22:07:18.020 DEBUG 8552 --- [main] c.n.c.d.M.selectLetterUnreadCount        : ==>  Preparing: select count(id) from message where status = 0 and from_id != 1 and to_id = ? and conversation_id = ? 
2023-12-04 22:07:18.020 DEBUG 8552 --- [main] c.n.c.d.M.selectLetterUnreadCount        : ==> Parameters: 111(Integer), 111_112(String)
2023-12-04 22:07:18.034 DEBUG 8552 --- [main] c.n.c.d.M.selectLetterUnreadCount        : <==      Total: 1
2023-12-04 22:07:18.045  INFO 8552 --- [SpringApplicationShutdownHook] com.zaxxer.hikari.HikariDataSource       : HikariPool-1 - Shutdown initiated...
2023-12-04 22:07:18.054  INFO 8552 --- [SpringApplicationShutdownHook] com.zaxxer.hikari.HikariDataSource       : HikariPool-1 - Shutdown completed.
2023-12-04 22:08:21.158  INFO 12316 --- [main] c.nowcoder.community.MessageMapperTests  : Starting MessageMapperTests using Java 11 on DESKTOP-95SKJ6M with PID 12316 (started by xxd in G:\Java Projects\community)
2023-12-04 22:08:21.159 DEBUG 12316 --- [main] c.nowcoder.community.MessageMapperTests  : Running with Spring Boot v2.7.14, Spring v5.3.29
2023-12-04 22:08:21.160  INFO 12316 --- [main] c.nowcoder.community.MessageMapperTests  : No active profile set, falling back to 1 default profile: "default"
2023-12-04 22:08:22.652  INFO 12316 --- [main] o.s.b.a.w.s.WelcomePageHandlerMapping    : Adding welcome page template: index
2023-12-04 22:08:22.923  INFO 12316 --- [main] c.nowcoder.community.MessageMapperTests  : Started MessageMapperTests in 2.151 seconds (JVM running for 2.907)
2023-12-04 22:08:23.262  INFO 12316 --- [main] com.zaxxer.hikari.HikariDataSource       : HikariPool-1 - Starting...
2023-12-04 22:08:23.428  INFO 12316 --- [main] com.zaxxer.hikari.HikariDataSource       : HikariPool-1 - Start completed.
2023-12-04 22:08:23.436 DEBUG 12316 --- [main] c.n.c.d.M.selectConversations            : ==>  Preparing: select id, from_id, to_id, conversation_id, content, `status`, create_time from message where id in ( select max(id) from message where status != 2 and from_id != 1 and (from_id = ? or to_id = ?) group by conversation_id ) order by id desc limit ?, ? 
2023-12-04 22:08:23.462 DEBUG 12316 --- [main] c.n.c.d.M.selectConversations            : ==> Parameters: 111(Integer), 111(Integer), 0(Integer), 10(Integer)
2023-12-04 22:08:23.490 DEBUG 12316 --- [main] c.n.c.d.M.selectConversations            : <==      Total: 10
2023-12-04 22:08:23.497 DEBUG 12316 --- [main] c.n.c.d.M.selectConversationCount        : ==>  Preparing: select count(m.maxid) from ( select max(id) as maxid from message where status != 2 and from_id != 1 and (from_id = ? or to_id = ?) group by conversation_id ) as m 
2023-12-04 22:08:23.497 DEBUG 12316 --- [main] c.n.c.d.M.selectConversationCount        : ==> Parameters: 111(Integer), 111(Integer)
2023-12-04 22:08:23.499 DEBUG 12316 --- [main] c.n.c.d.M.selectConversationCount        : <==      Total: 1
2023-12-04 22:08:23.500 DEBUG 12316 --- [main] c.n.c.dao.MessageMapper.selectLetters    : ==>  Preparing: select id, from_id, to_id, conversation_id, content, `status`, create_time from message where status != 2 and from_id != 1 and conversation_id = ? order by id desc limit ?, ? 
2023-12-04 22:08:23.500 DEBUG 12316 --- [main] c.n.c.dao.MessageMapper.selectLetters    : ==> Parameters: 111_112(String), 0(Integer), 20(Integer)
2023-12-04 22:08:23.505 DEBUG 12316 --- [main] c.n.c.dao.MessageMapper.selectLetters    : <==      Total: 8
2023-12-04 22:08:23.506 DEBUG 12316 --- [main] c.n.c.d.MessageMapper.selectLetterCount  : ==>  Preparing: select count(id) from message where status != 2 and from_id != 1 and conversation_id = ? 
2023-12-04 22:08:23.506 DEBUG 12316 --- [main] c.n.c.d.MessageMapper.selectLetterCount  : ==> Parameters: 111_112(String)
2023-12-04 22:08:23.507 DEBUG 12316 --- [main] c.n.c.d.MessageMapper.selectLetterCount  : <==      Total: 1
2023-12-04 22:08:23.522 DEBUG 12316 --- [main] c.n.c.d.M.selectLetterUnreadCount        : ==>  Preparing: select count(id) from message where status = 0 and from_id != 1 and to_id = ? 
2023-12-04 22:08:23.522 DEBUG 12316 --- [main] c.n.c.d.M.selectLetterUnreadCount        : ==> Parameters: 111(Integer)
2023-12-04 22:08:23.523 DEBUG 12316 --- [main] c.n.c.d.M.selectLetterUnreadCount        : <==      Total: 1
2023-12-04 22:08:23.524 DEBUG 12316 --- [main] c.n.c.d.M.selectLetterUnreadCount        : ==>  Preparing: select count(id) from message where status = 0 and from_id != 1 and to_id = ? and conversation_id = ? 
2023-12-04 22:08:23.524 DEBUG 12316 --- [main] c.n.c.d.M.selectLetterUnreadCount        : ==> Parameters: 111(Integer), 111_112(String)
2023-12-04 22:08:23.525 DEBUG 12316 --- [main] c.n.c.d.M.selectLetterUnreadCount        : <==      Total: 1
2023-12-04 22:08:23.535  INFO 12316 --- [SpringApplicationShutdownHook] com.zaxxer.hikari.HikariDataSource       : HikariPool-1 - Shutdown initiated...
2023-12-04 22:08:23.543  INFO 12316 --- [SpringApplicationShutdownHook] com.zaxxer.hikari.HikariDataSource       : HikariPool-1 - Shutdown completed.
